android/proguard/seeds.txt
me.vik.snake.android.AndroidLauncher
me.vik.snake.android.AndroidLauncher: AndroidLauncher()
me.vik.snake.android.R$attr: int adSize
me.vik.snake.android.R$attr: int adSizes
me.vik.snake.android.R$attr: int adUnitId
me.vik.snake.android.R$attr: int buyButtonAppearance
me.vik.snake.android.R$attr: int buyButtonHeight
me.vik.snake.android.R$attr: int buyButtonText
me.vik.snake.android.R$attr: int buyButtonWidth
me.vik.snake.android.R$attr: int cameraBearing
me.vik.snake.android.R$attr: int cameraTargetLat
me.vik.snake.android.R$attr: int cameraTargetLng
me.vik.snake.android.R$attr: int cameraTilt
me.vik.snake.android.R$attr: int cameraZoom
me.vik.snake.android.R$attr: int environment
me.vik.snake.android.R$attr: int fragmentMode
me.vik.snake.android.R$attr: int fragmentStyle
me.vik.snake.android.R$attr: int mapType
me.vik.snake.android.R$attr: int maskedWalletDetailsBackground
me.vik.snake.android.R$attr: int maskedWalletDetailsButtonBackground
me.vik.snake.android.R$attr: int maskedWalletDetailsButtonTextAppearance
me.vik.snake.android.R$attr: int maskedWalletDetailsHeaderTextAppearance
me.vik.snake.android.R$attr: int maskedWalletDetailsLogoImageType
me.vik.snake.android.R$attr: int maskedWalletDetailsLogoTextColor
me.vik.snake.android.R$attr: int maskedWalletDetailsTextAppearance
me.vik.snake.android.R$attr: int theme
me.vik.snake.android.R$attr: int uiCompass
me.vik.snake.android.R$attr: int uiRotateGestures
me.vik.snake.android.R$attr: int uiScrollGestures
me.vik.snake.android.R$attr: int uiTiltGestures
me.vik.snake.android.R$attr: int uiZoomControls
me.vik.snake.android.R$color: int common_action_bar_splitter
me.vik.snake.android.R$color: int common_signin_btn_dark_text_default
me.vik.snake.android.R$color: int common_signin_btn_dark_text_disabled
me.vik.snake.android.R$color: int common_signin_btn_dark_text_focused
me.vik.snake.android.R$color: int common_signin_btn_dark_text_pressed
me.vik.snake.android.R$color: int common_signin_btn_default_background
me.vik.snake.android.R$color: int common_signin_btn_light_text_default
me.vik.snake.android.R$color: int common_signin_btn_light_text_disabled
me.vik.snake.android.R$color: int common_signin_btn_light_text_focused
me.vik.snake.android.R$color: int common_signin_btn_light_text_pressed
me.vik.snake.android.R$color: int common_signin_btn_text_dark
me.vik.snake.android.R$color: int common_signin_btn_text_light
me.vik.snake.android.R$color: int wallet_bright_foreground_disabled_holo_light
me.vik.snake.android.R$color: int wallet_bright_foreground_holo_dark
me.vik.snake.android.R$color: int wallet_bright_foreground_holo_light
me.vik.snake.android.R$color: int wallet_dim_foreground_disabled_holo_dark
me.vik.snake.android.R$color: int wallet_dim_foreground_holo_dark
me.vik.snake.android.R$color: int wallet_dim_foreground_inverse_disabled_holo_dark
me.vik.snake.android.R$color: int wallet_dim_foreground_inverse_holo_dark
me.vik.snake.android.R$color: int wallet_highlighted_text_holo_dark
me.vik.snake.android.R$color: int wallet_highlighted_text_holo_light
...
com.google.android.gms.games.internal.api.InvitationsImpl$LoadInvitationsImpl
com.google.android.gms.games.internal.api.InvitationsImpl$LoadInvitationsImpl$1
com.google.android.gms.games.internal.api.LeaderboardsImpl
com.google.android.gms.games.internal.api.LeaderboardsImpl$1
com.google.android.gms.games.internal.api.LeaderboardsImpl$10
com.google.android.gms.games.internal.api.LeaderboardsImpl$11
com.google.android.gms.games.internal.api.LeaderboardsImpl$2
com.google.android.gms.games.internal.api.LeaderboardsImpl$3
com.google.android.gms.games.internal.api.LeaderboardsImpl$4
com.google.android.gms.games.internal.api.LeaderboardsImpl$5
com.google.android.gms.games.internal.api.LeaderboardsImpl$6
com.google.android.gms.games.internal.api.LeaderboardsImpl$7
com.google.android.gms.games.internal.api.LeaderboardsImpl$8
com.google.android.gms.games.internal.api.LeaderboardsImpl$9
com.google.android.gms.games.internal.api.LeaderboardsImpl$LoadMetadataImpl
com.google.android.gms.games.internal.api.LeaderboardsImpl$LoadMetadataImpl$1
com.google.android.gms.games.internal.api.LeaderboardsImpl$LoadPlayerScoreImpl
com.google.android.gms.games.internal.api.LeaderboardsImpl$LoadPlayerScoreImpl$1
com.google.android.gms.games.internal.api.LeaderboardsImpl$LoadScoresImpl
com.google.android.gms.games.internal.api.LeaderboardsImpl$LoadScoresImpl$1
com.google.android.gms.games.internal.api.LeaderboardsImpl$SubmitScoreImpl
com.google.android.gms.games.internal.api.LeaderboardsImpl$SubmitScoreImpl$1
com.google.android.gms.games.internal.api.MultiplayerImpl
com.google.android.gms.games.internal.api.NotificationsImpl
com.google.android.gms.games.internal.api.NotificationsImpl$1
com.google.android.gms.games.internal.api.NotificationsImpl$1$1
com.google.android.gms.games.internal.api.NotificationsImpl$2
com.google.android.gms.games.internal.api.NotificationsImpl$2$1
com.google.android.gms.games.internal.api.NotificationsImpl$3
com.google.android.gms.games.internal.api.NotificationsImpl$3$1
com.google.android.gms.games.internal.api.NotificationsImpl$4
com.google.android.gms.games.internal.api.NotificationsImpl$5
com.google.android.gms.games.internal.api.NotificationsImpl$6
com.google.android.gms.games.internal.api.NotificationsImpl$7
com.google.android.gms.games.internal.api.NotificationsImpl$ContactSettingLoadImpl
com.google.android.gms.games.internal.api.NotificationsImpl$ContactSettingLoadImpl$1
com.google.android.gms.games.internal.api.NotificationsImpl$ContactSettingUpdateImpl
com.google.android.gms.games.internal.api.NotificationsImpl$InboxCountImpl
com.google.android.gms.games.internal.api.NotificationsImpl$InboxCountImpl$1
com.google.android.gms.games.internal.api.PlayersImpl
com.google.android.gms.games.internal.api.PlayersImpl$1
com.google.android.gms.games.internal.api.PlayersImpl$10
com.google.android.gms.games.internal.api.PlayersImpl$11
com.google.android.gms.games.internal.api.PlayersImpl$12
com.google.android.gms.games.internal.api.PlayersImpl$13
com.google.android.gms.games.internal.api.PlayersImpl$14
com.google.android.gms.games.internal.api.PlayersImpl$15
com.google.android.gms.games.internal.api.PlayersImpl$16
com.google.android.gms.games.internal.api.PlayersImpl$17
com.google.android.gms.games.internal.api.PlayersImpl$18
com.google.android.gms.games.internal.api.PlayersImpl$19
com.google.android.gms.games.internal.api.PlayersImpl$2
com.google.android.gms.games.internal.api.PlayersImpl$20
com.google.android.gms.games.internal.api.PlayersImpl$21
com.google.android.gms.games.internal.api.PlayersImpl$22
com.google.android.gms.games.internal.api.PlayersImpl$23
com.google.android.gms.games.internal.api.PlayersImpl$24
com.google.android.gms.games.internal.api.PlayersImpl$25
com.google.android.gms.games.internal.api.PlayersImpl$26
com.google.android.gms.games.internal.api.PlayersImpl$3
com.google.android.gms.games.internal.api.PlayersImpl$4
com.google.android.gms.games.internal.api.PlayersImpl$5