android/proguard/mapping.txt
me.vik.snake.android.AndroidAd -> me.vik.snake.android.a:
    com.google.android.gms.ads.InterstitialAd ad -> a
    android.app.Activity activity -> b
    void create(java.lang.String) -> a
    void load() -> a
    void showIfLoaded() -> b
    com.google.android.gms.ads.InterstitialAd access$0(me.vik.snake.android.AndroidAd) -> a
me.vik.snake.android.AndroidAd$1 -> me.vik.snake.android.b:
    me.vik.snake.android.AndroidAd this$0 -> a
    com.google.android.gms.ads.AdRequest val$adRequest -> b
    void run() -> run
me.vik.snake.android.AndroidAd$2 -> me.vik.snake.android.c:
    me.vik.snake.android.AndroidAd this$0 -> a
    void run() -> run
me.vik.snake.android.AndroidLauncher -> me.vik.snake.android.AndroidLauncher:
    void onCreate(android.os.Bundle) -> onCreate
...
com.badlogic.gdx.backends.android.surfaceview.GLSurfaceViewAPI18$BaseConfigChooser -> com.badlogic.gdx.backends.android.a.l:
    int[] mConfigSpec -> a
    com.badlogic.gdx.backends.android.surfaceview.GLSurfaceViewAPI18 this$0 -> b
    javax.microedition.khronos.egl.EGLConfig chooseConfig(javax.microedition.khronos.egl.EGL10,javax.microedition.khronos.egl.EGLDisplay) -> chooseConfig
    javax.microedition.khronos.egl.EGLConfig chooseConfig(javax.microedition.khronos.egl.EGL10,javax.microedition.khronos.egl.EGLDisplay,javax.microedition.khronos.egl.EGLConfig[]) -> a
    int[] filterConfigSpec(int[]) -> a
com.badlogic.gdx.backends.android.surfaceview.GLSurfaceViewAPI18$ComponentSizeChooser -> com.badlogic.gdx.backends.android.a.m:
    int[] mValue -> j
    int mRedSize -> c
    int mGreenSize -> d
    int mBlueSize -> e
    int mAlphaSize -> f
    int mDepthSize -> g
    int mStencilSize -> h
    com.badlogic.gdx.backends.android.surfaceview.GLSurfaceViewAPI18 this$0 -> i
    javax.microedition.khronos.egl.EGLConfig chooseConfig(javax.microedition.khronos.egl.EGL10,javax.microedition.khronos.egl.EGLDisplay,javax.microedition.khronos.egl.EGLConfig[]) -> a
    int findConfigAttrib(javax.microedition.khronos.egl.EGL10,javax.microedition.khronos.egl.EGLDisplay,javax.microedition.khronos.egl.EGLConfig,int,int) -> a
com.badlogic.gdx.backends.android.surfaceview.GLSurfaceViewAPI18$DefaultContextFactory -> com.badlogic.gdx.backends.android.a.n:
    int EGL_CONTEXT_CLIENT_VERSION -> b
    com.badlogic.gdx.backends.android.surfaceview.GLSurfaceViewAPI18 this$0 -> a
    javax.microedition.khronos.egl.EGLContext createContext(javax.microedition.khronos.egl.EGL10,javax.microedition.khronos.egl.EGLDisplay,javax.microedition.khronos.egl.EGLConfig) -> a
    void destroyContext(javax.microedition.khronos.egl.EGL10,javax.microedition.khronos.egl.EGLDisplay,javax.microedition.khronos.egl.EGLContext) -> a
com.badlogic.gdx.backends.android.surfaceview.GLSurfaceViewAPI18$DefaultWindowSurfaceFactory -> com.badlogic.gdx.backends.android.a.o:
    javax.microedition.khronos.egl.EGLSurface createWindowSurface(javax.microedition.khronos.egl.EGL10,javax.microedition.khronos.egl.EGLDisplay,javax.microedition.khronos.egl.EGLConfig,java.lang.Object) -> a
    void destroySurface(javax.microedition.khronos.egl.EGL10,javax.microedition.khronos.egl.EGLDisplay,javax.microedition.khronos.egl.EGLSurface) -> a
com.badlogic.gdx.backends.android.surfaceview.GLSurfaceViewAPI18$EGLContextFactory -> com.badlogic.gdx.backends.android.a.p:
    javax.microedition.khronos.egl.EGLContext createContext(javax.microedition.khronos.egl.EGL10,javax.microedition.khronos.egl.EGLDisplay,javax.microedition.khronos.egl.EGLConfig) -> a
    void destroyContext(javax.microedition.khronos.egl.EGL10,javax.microedition.khronos.egl.EGLDisplay,javax.microedition.khronos.egl.EGLContext) -> a
com.badlogic.gdx.backends.android.surfaceview.GLSurfaceViewAPI18$EGLWindowSurfaceFactory -> com.badlogic.gdx.backends.android.a.q:
    javax.microedition.khronos.egl.EGLSurface createWindowSurface(javax.microedition.khronos.egl.EGL10,javax.microedition.khronos.egl.EGLDisplay,javax.microedition.khronos.egl.EGLConfig,java.lang.Object) -> a
    void destroySurface(javax.microedition.khronos.egl.EGL10,javax.microedition.khronos.egl.EGLDisplay,javax.microedition.khronos.egl.EGLSurface) -> a