android/proguard/usage.txt
me.vik.snake.android.BuildConfig
me.vik.snake.android.R
me.vik.snake.android.R$attr
me.vik.snake.android.R$color
me.vik.snake.android.R$drawable
me.vik.snake.android.R$id
me.vik.snake.android.R$integer
me.vik.snake.android.R$string
me.vik.snake.android.R$style
me.vik.snake.android.R$styleable
...
com.badlogic.gdx.utils.BufferUtils:
    35:35:public BufferUtils()
    68:70:public static void copy(byte[],int,java.nio.Buffer,int)
    82:84:public static void copy(short[],int,java.nio.Buffer,int)
    95:96:public static void copy(char[],int,int,java.nio.Buffer)
    107:108:public static void copy(int[],int,int,java.nio.Buffer)
    119:120:public static void copy(long[],int,int,java.nio.Buffer)
    131:132:public static void copy(float[],int,int,java.nio.Buffer)
    143:144:public static void copy(double[],int,int,java.nio.Buffer)
    156:158:public static void copy(char[],int,java.nio.Buffer,int)
    170:172:public static void copy(int[],int,java.nio.Buffer,int)
    184:186:public static void copy(long[],int,java.nio.Buffer,int)
    198:200:public static void copy(float[],int,java.nio.Buffer,int)
    212:214:public static void copy(double[],int,java.nio.Buffer,int)
    226:229:public static void copy(java.nio.Buffer,java.nio.Buffer,int)
    239:240:public static void transform(java.nio.Buffer,int,int,int,com.badlogic.gdx.math.Matrix4)
    250:251:public static void transform(float[],int,int,int,com.badlogic.gdx.math.Matrix4)
    262:275:public static void transform(java.nio.Buffer,int,int,int,com.badlogic.gdx.math.Matrix4,int)
    286:299:public static void transform(float[],int,int,int,com.badlogic.gdx.math.Matrix4,int)
    309:310:public static void transform(java.nio.Buffer,int,int,int,com.badlogic.gdx.math.Matrix3)
com.badlogic.gdx.utils.ByteArray
com.badlogic.gdx.utils.CharArray
com.badlogic.gdx.utils.Clipboard
com.badlogic.gdx.utils.ComparableTimSort
com.badlogic.gdx.utils.DataInput
com.badlogic.gdx.utils.DataOutput
com.badlogic.gdx.utils.DelayedRemovalArray
com.badlogic.gdx.utils.FloatArray
com.badlogic.gdx.utils.GdxBuild
com.badlogic.gdx.utils.GdxNativesLoader:
    19:19:public GdxNativesLoader()
com.badlogic.gdx.utils.GdxRuntimeException:
    private static final long serialVersionUID
com.badlogic.gdx.utils.I18NBundle
com.badlogic.gdx.utils.IdentityMap
com.badlogic.gdx.utils.IdentityMap$Entries
com.badlogic.gdx.utils.IdentityMap$Entry
com.badlogic.gdx.utils.IdentityMap$Keys
com.badlogic.gdx.utils.IdentityMap$MapIterator
com.badlogic.gdx.utils.IdentityMap$Values
com.badlogic.gdx.utils.IntArray:
    52:57:public IntArray(com.badlogic.gdx.utils.IntArray)
    62:63:public IntArray(int[])
    70:73:public IntArray(boolean,int[],int,int)
    82:83:public void addAll(com.badlogic.gdx.utils.IntArray)
    86:89:public void addAll(com.badlogic.gdx.utils.IntArray,int,int)
    92:93:public varargs void addAll(int[])
    96:101:public void addAll(int[],int,int)
    104:105:public int get(int)
    109:111:public void set(int,int)
    114:116:public void incr(int,int)
    119:121:public void mul(int,int)
    124:133:public void insert(int,int)
    136:142:public void swap(int,int)
    145:149:public boolean contains(int)
    153:156:public int indexOf(int)
    160:163:public int lastIndexOf(int)
    167:174:public boolean removeValue(int)
    179:187:public int removeIndex(int)
    192:204:public void removeRange(int,int)
    209:222:public boolean removeAll(com.badlogic.gdx.utils.IntArray)
    232:232:public int peek()
    237:238:public int first()
    249:250:public int[] shrink()
    271:272:public void sort()
    275:282:public void reverse()
    285:292:public void shuffle()
    297:298:public void truncate(int)
    302:303:public int random()
    307:309:public int[] toArray()
    338:346:public java.lang.String toString(java.lang.String)
    351:351:public static varargs com.badlogic.gdx.utils.IntArray with(int[])
com.badlogic.gdx.utils.IntFloatMap
com.badlogic.gdx.utils.IntFloatMap$Entries
com.badlogic.gdx.utils.IntFloatMap$Entry
com.badlogic.gdx.utils.IntFloatMap$Keys
com.badlogic.gdx.utils.IntFloatMap$MapIterator
com.badlogic.gdx.utils.IntFloatMap$Values
com.badlogic.gdx.utils.IntIntMap
com.badlogic.gdx.utils.IntIntMap$Entries
com.badlogic.gdx.utils.IntIntMap$Entry
com.badlogic.gdx.utils.IntIntMap$Keys